---------------------------------------------------------------
[ 2018-07-01T16:31:09+08:00 ] 127.0.0.1 GET /
[ info ] wu.tp.cn/ [运行时间：0.276211s][吞吐率：3.62req/s] [内存消耗：778.92kb] [文件加载：20]
[ info ] [ LANG ] D:\wnmp\www\tp5\thinkphp\lang\zh-cn.php
[ info ] [ ROUTE ] array (
  'type' => 'module',
  'module' => 
  array (
    0 => '',
    1 => NULL,
    2 => NULL,
  ),
)
[ info ] [ HEADER ] array (
  'x-lantern-version' => '4.7.6',
  'upgrade-insecure-requests' => '1',
  'proxy-connection' => 'keep-alive',
  'cookie' => 'pgv_pvi=7697674240; pgv_si=s3010407424',
  'cache-control' => 'max-age=0',
  'accept-language' => 'zh-CN,zh;q=0.9',
  'accept-encoding' => 'gzip, deflate',
  'accept' => 'text/html,application/xhtml+xml,application/xml;q=0.9,image/webp,image/apng,*/*;q=0.8',
  'user-agent' => 'Mozilla/5.0 (Windows NT 10.0; WOW64) AppleWebKit/537.36 (KHTML, like Gecko) Chrome/67.0.3396.99 Safari/537.36',
  'host' => 'wu.tp.cn',
  'content-length' => '',
  'content-type' => '',
)
[ info ] [ PARAM ] array (
)
[ info ] [ RUN ] app\home\controller\Index->index[ D:\wnmp\www\tp5\application\home\controller\Index.php ]
[ info ] [ LOG ] INIT File
---------------------------------------------------------------
[ 2018-07-01T16:40:48+08:00 ] 127.0.0.1 GET /
[ info ] wu.tp.cn/ [运行时间：0.058715s][吞吐率：17.03req/s] [内存消耗：778.93kb] [文件加载：20]
[ info ] [ LANG ] D:\wnmp\www\tp5\thinkphp\lang\zh-cn.php
[ info ] [ ROUTE ] array (
  'type' => 'module',
  'module' => 
  array (
    0 => '',
    1 => NULL,
    2 => NULL,
  ),
)
[ info ] [ HEADER ] array (
  'x-lantern-version' => '4.7.6',
  'upgrade-insecure-requests' => '1',
  'proxy-connection' => 'keep-alive',
  'cookie' => 'pgv_pvi=7697674240; pgv_si=s3010407424',
  'cache-control' => 'max-age=0',
  'accept-language' => 'zh-CN,zh;q=0.9',
  'accept-encoding' => 'gzip, deflate',
  'accept' => 'text/html,application/xhtml+xml,application/xml;q=0.9,image/webp,image/apng,*/*;q=0.8',
  'user-agent' => 'Mozilla/5.0 (Windows NT 10.0; WOW64) AppleWebKit/537.36 (KHTML, like Gecko) Chrome/67.0.3396.99 Safari/537.36',
  'host' => 'wu.tp.cn',
  'content-length' => '',
  'content-type' => '',
)
[ info ] [ PARAM ] array (
)
[ info ] [ RUN ] app\home\controller\Index->index[ D:\wnmp\www\tp5\application\home\controller\Index.php ]
[ info ] [ LOG ] INIT File
